<?xml version="1.0" encoding="UTF-8"?>
<!-- Generated by org.testng.reporters.JUnitReportReporter -->
<testsuite hostname="LAPTOP-41UCB964" failures="0" tests="2" name="parallel.runner" time="7.881" errors="0" timestamp="2021-12-01T12:19:14 IST" skipped="0">
  <testcase classname="parallel.runner" name="runScenario" time="3.940"/>
  <system-out/>
  <testcase classname="parallel.runner" name="runScenario" time="3.941"/>
  <system-out/>
</testsuite> <!-- parallel.runner -->
